
Status: FAILED!
Test: The program displays the correct output.
Reason: The DebugOne3 program did not display the correct message. Expected to find 'and through the woods' in the program's output. 
Error : class java.lang.AssertionError
- - - - - - - - - -
