
Status: FAILED!
Check: 1
Test: This task will always fail.
Reason: This task will always fail.
Error : AssertionError - 
Timestamp: 2025-01-14 13:27:47.472823
