
Test: Create the `MileConversionsInteractive` class.
Status: FAILED!
Reason: Unable to locate the `MileConversionsInteractive` class. MileConversionsInteractive
Error : class java.lang.ClassNotFoundException
- - - - - - - - - -

Status: FAILED!
Check: 1
Test: 
Reason: MileConversionsInteractive
Error : str - AssertionError
Timestamp: 2025-01-28 17:39:58.689100
