
Status: FAILED!
Check: 1
Test: The program converts miles to inches, feet, and yards.
Reason: Variable not found: miles
Error : AssertionError - Failed
Timestamp: 2025-01-28 17:16:05.208428
