
Status: FAILED!
Test: The `Comments` program includes three different methods of using comments.
Reason: A single line comment was not found in your code. Make sure you include a single line comment using '//'
Error : class java.lang.AssertionError
- - - - - - - - - -

Status: FAILED!
Check: 1
Test: 
Reason: A single line comment was not found in your code. Make sure you include a single line comment using '//'
Error : str - AssertionError
Timestamp: 2025-01-22 21:25:48.153394
