
Status: FAILED!
Test: Create the `InchesToFeetInteractive` class.
Reason: Unable to locate the `InchesToFeetInteractive` class. InchesToFeetInteractive
Error : class java.lang.ClassNotFoundException
- - - - - - - - - -

Status: FAILED!
Check: 1
Test: 
Reason: InchesToFeetInteractive
Error : str - AssertionError
Timestamp: 2025-01-29 15:11:45.601741
